<?xml version="1.0" encoding="UTF-8"?>
<!-- Generated by org.testng.reporters.JUnitReportReporter -->
<testsuite hostname="TYSS-Shobha" failures="0" tests="1" name="organization.CreateOrganizationTest" time="17.235" errors="0" timestamp="2024-10-18T10:26:20 IST" skipped="0">
  <testcase classname="organization.CreateOrganizationTest" name="createOrganizationTest" time="17.235"/>
</testsuite> <!-- organization.CreateOrganizationTest -->
