<?xml version="1.0" encoding="UTF-8"?>
<!-- Generated by org.testng.reporters.JUnitReportReporter -->
<testsuite hostname="TYSS-Shobha" failures="0" tests="1" name="campaigns.CreateCampaignsTest" time="14.591" errors="0" timestamp="2024-10-18T10:26:20 IST" skipped="0">
  <testcase classname="campaigns.CreateCampaignsTest" name="createCampaignsTest" time="14.591"/>
</testsuite> <!-- campaigns.CreateCampaignsTest -->
